<?xml version="1.0" encoding="UTF-8"?>
<testng-results ignored="0" total="1" passed="1" failed="0" skipped="0">
  <reporter-output>
  </reporter-output>
  <suite started-at="2021-08-16T08:53:35Z" name="Default suite" finished-at="2021-08-16T08:53:35Z" duration-ms="165">
    <groups>
    </groups>
    <test started-at="2021-08-16T08:53:35Z" name="Default test" finished-at="2021-08-16T08:53:35Z" duration-ms="165">
      <class name="NewTest">
        <test-method signature="f()[pri:0, instance:NewTest@762ef0ea]" started-at="2021-08-16T08:53:35Z" name="f" finished-at="2021-08-16T08:53:35Z" duration-ms="50" status="PASS">
          <reporter-output>
          </reporter-output>
        </test-method> <!-- f -->
      </class> <!-- NewTest -->
    </test> <!-- Default test -->
  </suite> <!-- Default suite -->
</testng-results>
